<?xml version="1.0" encoding="UTF-8"?>
<!-- Generated by org.testng.reporters.JUnitReportReporter -->
<testsuite hostname="Ripna_John" failures="0" tests="4" name="day8.ExtentDemo" time="56.186" errors="0" timestamp="14 May 2024 10:35:56 GMT" skipped="0">
  <testcase classname="day8.ExtentDemo" name="webtabletest" time="14.228"/>
  <testcase classname="day8.ExtentDemo" name="checkbpxtest" time="14.179"/>
  <testcase classname="day8.ExtentDemo" name="sendkeystest" time="15.034"/>
  <testcase classname="day8.ExtentDemo" name="linktest" time="12.745"/>
</testsuite> <!-- day8.ExtentDemo -->
