<?xml version="1.0" encoding="UTF-8"?>
<!-- Generated by org.testng.reporters.JUnitReportReporter -->
<testsuite hostname="Ripna_John" failures="0" tests="2" name="day8.AsserDemo" time="3.733" errors="0" timestamp="15 May 2024 04:22:45 GMT" skipped="0">
  <testcase classname="day8.AsserDemo" name="webtabletest" time="3.051"/>
  <testcase classname="day8.AsserDemo" name="clicktest" time="0.682"/>
</testsuite> <!-- day8.AsserDemo -->
