<?xml version="1.0" encoding="UTF-8"?>
<!-- Generated by org.testng.reporters.JUnitReportReporter -->
<testsuite hostname="Ripna_John" failures="0" tests="3" name="day8.ParallelTesting" time="26.471" errors="0" timestamp="14 May 2024 07:16:49 GMT" skipped="0">
  <testcase classname="day8.ParallelTesting" name="firefoxtest" time="8.402"/>
  <testcase classname="day8.ParallelTesting" name="chrometest" time="10.543"/>
  <testcase classname="day8.ParallelTesting" name="edgetest" time="7.526"/>
</testsuite> <!-- day8.ParallelTesting -->
